================================================================================
Stage 2 Assessment: Impact Scoring
================================================================================

✓ API key found
✓ Loading entities...
✓ Found 261 qualified entities (≥18/27) to assess
  (Skipping 84 entities below threshold)

Assessing entities...
--------------------------------------------------------------------------------
[1/261] Federated AGI Mesh... ✓ (54/70)
[2/261] Competitive Governance Protocol Stack... ✓ (57/70)
[3/261] Distributed Zero-Knowledge Security Systems... ✓ (47/70)
[4/261] Distributed Resilience Infrastructure... ✓ (46/70)
[5/261] Decentralized Scientific Collaboration Infrastructure... ✓ (53/70)
[6/261] Patient-Sovereign Healthcare System... ✓ (53/70)
[7/261] Pluralistic Financial Coordination System... ✓ (54/70)
[8/261] Hybrid Climate Resilience Infrastructure... ✓ (53/70)
[9/261] Adaptive Federated AI Tutors... ✓ (44/70)
[10/261] Learn-by-Doing Modular Skill Credentials... ✓ (48/70)
[11/261] Rapid Skill Adaptation Networks... ✓ (41/70)
[12/261] Tool AI Ecosystem... ✓ (45/70)
[13/261] Liability-Driven AI Governance Framework... ✓ (46/70)
[14/261] Civic AI Infrastructure... ✓ (34/70)
[15/261] AI-Enhanced Healthcare System... ✓ (52/70)
[16/261] Adaptive Educational AI System... ✓ (48/70)
[17/261] Climate and Energy Management AI... ✓ (52/70)
[18/261] AI-Assisted Governance Platform... ✓ (56/70)
[19/261] AI-Enabled Economic Redistribution System... ✓ (56/70)
[20/261] Epistemic Stack... ✓ (44/70)
[21/261] Habermas Machines... ✓ (42/70)
[22/261] Cosmological Constant Manipulation Technology... ✓ (60/70)
[23/261] Focused Research Organizations (FROs)... ✓ (41/70)
[24/261] Neuroscience Architectural Understanding... ✓ (57/70)
[25/261] Existential Hope World Building Infrastructure... ✓ (41/70)
[26/261] Public Accessible Existential Hope Learning Platform... ✓ (37/70)
[27/261] Tissue-Based Infection Research Infrastructure... ✓ (42/70)
[28/261] Proactive Immunomodulation Healthcare System... ✓ (43/70)
[29/261] Civilizational Epistemic System... ✓ (52/70)
[30/261] Collaborative AI Assistance Ecosystem... ✓ (45/70)
[31/261] Multi-Agent Information Synthesis Platform... ✓ (47/70)
[32/261] AI Scientist... ✓ (59/70)
[33/261] Automated Drug Repurposing System... ✓ (42/70)
[34/261] AI Scientist for Automated Scientific Discovery... ✓ (53/70)
[35/261] Automated Scientific Publishing Ecosystem for Machine Consum... ✓ (60/70)
[36/261] Interintellect Community Platform... ✓ (40/70)
[37/261] World Building Governance System... ✓ (41/70)
[38/261] Tool AI Future... ✓ (37/70)
[39/261] Epistemic Stack... ✓ (44/70)
[40/261] Robo-Taxi Urban Mobility System... ✓ (51/70)
[41/261] Universal Constructor... ✓ (0/70)
[42/261] Atomically Precise Manufacturing / Molecular Machine Systems... ✓ (57/70)
[43/261] Intelligent Cooperation Infrastructure... ✓ (43/70)
[44/261] Advanced Longevity Science... ✓ (48/70)
[45/261] Longevity Science Breakthrough Platform... ✓ (55/70)
[46/261] Regenerative Agriculture Technology System... ✓ (51/70)
[47/261] Human-Centered Technology Ecosystem... ✓ (43/70)
[48/261] Democratic Technology Regulation Framework... ✓ (45/70)
[49/261] Democratic Technology Governance Platform... ✓ (47/70)
[50/261] Human-Skill Elevating Technology Platform... ✓ (43/70)
[51/261] Protein Nanomachines... ✓ (44/70)
[52/261] Protein Design for Global Challenges... ✓ (53/70)
[53/261] Biotech Ecosystem Decentralization... ✓ (45/70)
[54/261] Universal Protein-Based Medical Interventions... ✓ (52/70)
[55/261] Global Institutional Redesign for Post-AGI Governance... ✓ (48/70)
[56/261] Forecasting Civilization Infrastructure... ✓ (51/70)
[57/261] Synthetic Molecular Machines... ✓ (0/70)
[58/261] Hedonistic Imperative... ✓ (51/70)
[59/261] Gene Drive Suffering Reduction System... ✓ (55/70)
[60/261] Brain Preservation Technology... ✓ (48/70)
[61/261] Collaborative Imagination Infrastructure... ✓ (43/70)
[62/261] Imagination Simulation Infrastructure... ✓ (44/70)
[63/261] AI Healthcare Agent... ✓ (53/70)
[64/261] Supersonic Electric Transportation Network... ✓ (41/70)
[65/261] Molecular Nanomachine Systems... ✓ (0/70)
[66/261] AI-Powered Personal Knowledge Assistant... ✓ (46/70)
[67/261] Progress Writing/Blogging Ecosystem... ✓ (44/70)
[68/261] AI for Biological Advancement... ✓ (58/70)
[69/261] Multi-Stakeholder AI Governance Framework... ✓ (45/70)
[70/261] Positive AI Futures Design Infrastructure... ✓ (42/70)
[71/261] BBN-Style Research Organizations (BBNs 2.0)... ✓ (41/70)
[72/261] Computational Biology Integration Platform... ✓ (42/70)
[73/261] Wellness Economy Certification System... ✓ (44/70)
[74/261] Ambient Computing Ecosystem... ✓ (42/70)
[75/261] AI-Supported Human Connection Infrastructure... ✓ (42/70)
[76/261] Circular Flourishing Economy... ✓ (52/70)
[77/261] AI-Enabled Personal Flourishing System... ✓ (44/70)
[78/261] Multigenerational Space Habitat Ecosystem... ✓ (50/70)
[79/261] Epistemic Revolution Infrastructure... ✓ (50/70)
[80/261] Human-AI Partnership Ecosystem... ✓ (53/70)
[81/261] AI-Enabled Personal Healing Infrastructure... ✓ (46/70)
[82/261] Wellbeing Certification System for AI Products... ✓ (46/70)
[83/261] AI-Enabled Personalized Healing System... ✓ (46/70)
[84/261] Safe AGI Governance System... ✓ (53/70)
[85/261] Carbon Removal Technology... ✓ (0/70)
[86/261] Advanced AI Safety Systems... ✓ (50/70)
[87/261] Rigorous Future World-Building Infrastructure... ✓ (41/70)
[88/261] Metaverse/Virtual Reality World (Snow Crash Concept)... ✓ (59/70)
[89/261] Immune-Computer Interface... ✓ (58/70)
[90/261] Nuclear Energy Renaissance... ✓ (51/70)
[91/261] Precision Neurotechnologies... ✓ (46/70)
[92/261] Measure-Model-Perturb Brain Control Framework... ✓ (51/70)
[93/261] Civilizational Resilience Technology Stack... ✓ (55/70)
[94/261] Adaptive AI-Driven Problem Solving Infrastructure... ✓ (60/70)
[95/261] AI-Enhanced Education System... ✓ (49/70)
[96/261] Personalized Medical Intervention System... ✓ (50/70)
[97/261] Clean Energy Abundance Infrastructure... ✓ (52/70)
[98/261] AI Research Acceleration System... ✓ (60/70)
[99/261] Global Research Capacity Transformation... ✓ (52/70)
[100/261] Progress Studies Movement... ✓ (42/70)
[101/261] Protopian Future Development... ✓ (41/70)
[102/261] AI-Enhanced Personalized Learning Systems... ✓ (49/70)
[103/261] Interactive Digital Book Platforms... ✓ (39/70)
[104/261] Conversational AI Knowledge Interfaces... ✓ (52/70)
[105/261] AI-Powered Author Utility Platform... ✓ (38/70)
[106/261] Continuous AI-Driven Book Marketing System... ✓ (38/70)
[107/261] Digital Mind Governance Systems... ✓ (53/70)
[108/261] Comprehensive AI Interpretability Infrastructure... ✓ (40/70)
[109/261] AI Scalable Oversight Systems... ✓ (51/70)
[110/261] AI-Assisted Epistemological Enhancement System... ✓ (54/70)
[111/261] EgoLets (Personal AI Assistants)... ✓ (48/70)
[112/261] Mind Uploading Infrastructure... ✓ (56/70)
[113/261] AI Collaborative Intelligence Ecosystem... ✓ (53/70)
[114/261] Epistemic Infrastructure for Truth Verification... ✓ (53/70)
[115/261] AI Utility Service Ecosystem... ✓ (58/70)
[116/261] Reputational Markets... ✓ (51/70)
[117/261] Chemputing (Chemical Computing)... ✓ (44/70)
[118/261] Assembly Theory of Universal Complexity... ✓ (41/70)
[119/261] Synthetic Biology Food Production System... ✓ (54/70)
[120/261] Brain-Computer Interface (BCI)... ✓ (58/70)
[121/261] Renewable Energy Systems... ✓ (56/70)
[122/261] Advanced Collective Action Mechanisms... ✓ (44/70)
[123/261] Collective Tools for Thought... ✓ (0/70)
[124/261] Computational Biology for Aging Intervention... ✓ (51/70)
[125/261] Open Science Data Ecosystem for Aging Research... ✓ (44/70)
[126/261] Comprehensive Aging Intervention Model... ✓ (46/70)
[127/261] Comprehensive AI Services Ecosystem... ✓ (47/70)
[128/261] AI-Enabled Educational Transformation... ✓ (52/70)
[129/261] Inference-Time Scaling Paradigm... ✓ (60/70)
[130/261] AI-Driven Health Radar System... ✓ (43/70)
[131/261] Decentralized Adaptive Energy Network... ✓ (51/70)
[132/261] Atheoretical Science Systems... ✓ (56/70)
[133/261] AI Self-Diffusion Infrastructure... ✓ (62/70)
[134/261] Agentic AI Coordination Frameworks... ✓ (46/70)
[135/261] AI Agents with Emergent Agency... ✓ (0/70)
[136/261] Deep Fision Micro Nuclear Reactors... ✓ (47/70)
[137/261] Hyperscaler-Driven Clean Energy Transformation... ✓ (54/70)
[138/261] Space-Based Solar Power Arrays... ✓ (50/70)
[139/261] Computational Modeling for Complex Systems... ✓ (55/70)
[140/261] Safe Transformative AGI... ✓ (51/70)
[141/261] Aligned Artificial General Intelligence (AGI)... ✓ (55/70)
[142/261] Grabby Aliens Civilization Model... ✓ (52/70)
[143/261] Prediction Markets as Decision Support Systems... ✓ (44/70)
[144/261] Brain Emulation (Ems)... ✓ (60/70)
[145/261] Narrow AI Ecosystem... ✓ (29/70)
[146/261] Targeted Problem-Solving AI for Human Challenges... ✓ (39/70)
[147/261] AI-Enhanced Scientific Discovery Systems... ✓ (51/70)
[148/261] End-User Programming Ecosystem... ✓ (54/70)
[149/261] Housing Reform Ecosystem... ✓ (46/70)
[150/261] Growth-Oriented Governance Model... ✓ (47/70)
[151/261] Planetary Technosphere... ✓ (0/70)
[152/261] Origin of Life Experimental Platform... ✓ (46/70)
[153/261] Clean Abundant Energy Systems... ✓ (53/70)
[154/261] Global Poverty Elimination Infrastructure... ✓ (0/70)
[155/261] Universal Medical AI Diagnostic System... ✓ (50/70)
[156/261] Meta-Science Research Infrastructure... ✓ (50/70)
[157/261] Human Superintelligence via Brain-Computer Interfaces (BCI)... ✓ (60/70)
[158/261] Climate Adaptation Jurisdictional Arbitrage... ✓ (0/70)
[159/261] Universal Basic Income via Blockchain Wealth Redistribution... ✓ (57/70)
[160/261] Orare Predictive Governance System... ✓ (44/70)
[161/261] VOICE (Voice for Open Source Information and Community Engag... ✓ (40/70)
[162/261] Humanoid Robot Ecosystem (2045 Configuration)... ✓ (54/70)
[163/261] Bounded AI Agents Governance System... ✓ (36/70)
[164/261] AI-Enhanced Eco-City Governance Model... ✓ (50/70)
[165/261] Personalized Lifelong Learning AI System... ✓ (49/70)
[166/261] Sadvipra AI Governance System... ✓ (50/70)
[167/261] Bitcoin Trust Grid Economic System... ✓ (52/70)
[168/261] Post-Precision Ecological Governance Model... ✓ (41/70)
[169/261] Symbiotic AI... ✓ (44/70)
[170/261] Symbiotic Stewardship... ✓ (54/70)
[171/261] Kacha's Global Symbiosis Council (GSC)... ✓ (41/70)
[172/261] AI-Designed Medical Nanobots... ✓ (63/70)
[173/261] International Council of Life Extension... ✓ (46/70)
[174/261] Strong Tool AI for Molecular Nanotechnology... ✓ (43/70)
[175/261] NanoSync Regenerative System... ✓ (53/70)
[176/261] Institute for Life Extension (ILE)... ✓ (49/70)
[177/261] Continuous Health Tracking Ecosystem... ✓ (51/70)
[178/261] Global Fungal Biology Research Initiative... ✓ (40/70)
[179/261] Microbial Interaction Predictive AI... ✓ (47/70)
[180/261] Biophilic Urban Infrastructure... ✓ (45/70)
[181/261] Immersive Ecological Education Platform... ✓ (45/70)
[182/261] Cognitive Field Resonators (CFRs)... ✓ (48/70)
[183/261] Symbiotic AI... ✓ (42/70)
[184/261] Mnemosyne Assembly... ✓ (54/70)
[185/261] Epistemic Stewardship Model... ✓ (45/70)
[186/261] Global Childhood Development Authority (GCDA)... ✓ (57/70)
[187/261] AI Companion Ecosystem... ✓ (50/70)
[188/261] Hybrid Market... ✓ (54/70)
[189/261] Market Governor AI... ✓ (59/70)
[190/261] Impact Verification Oracle System... ✓ (48/70)
[191/261] National Science and Technology Foresight Agency (NSTFA)... ✓ (52/70)
[192/261] Predictive AI Policy Forecasting System... ✓ (56/70)
[193/261] Lifelong AI Guardians... ✓ (49/70)
[194/261] The Children's Movement... ✓ (44/70)
[195/261] Child-Governed Learning Communities... ✓ (48/70)
[196/261] Translation Language Models (TLMs)... ✓ (53/70)
[197/261] Brain-Computer Interfaces (BCIs)... ✓ (54/70)
[198/261] Polyglot Knowledge Worker Ecosystem... ✓ (53/70)
[199/261] LexCommons... ✓ (57/70)
[200/261] AI Legal Agents... ✓ (35/70)
[201/261] Neural-Adaptive Learning Ecosystems... ✓ (55/70)
[202/261] The Global Learning Collective... ✓ (53/70)
[203/261] Watershed Parliaments... ✓ (43/70)
[204/261] Quantum-Entangled Mycelial Computing... ✓ (52/70)
[205/261] Ambient Intelligence... ✓ (54/70)
[206/261] Decentralized Community AI... ✓ (49/70)
[207/261] Regenerative Decentralized Economic System... ✓ (54/70)
[208/261] Self-Organizing Regenerative Networks... ✓ (50/70)
[209/261] Bio-Responsive AI Interfaces... ✓ (52/70)
[210/261] The Welcome Circle... ✓ (44/70)
[211/261] Center for Embodied Wisdom... ✓ (28/70)
[212/261] Decentralized AI Ecosystem... ✓ (55/70)
[213/261] Open-Source Transformative Science Platform... ✓ (52/70)
[214/261] Multi-Polar Societal Equilibrium System... ✓ (44/70)
[215/261] Empathetic Neuro-AI Emotional Coaching System... ✓ (48/70)
[216/261] RaízMental Global Emotional Care Ecosystem... ✓ (51/70)
[217/261] Self-Sustaining Isolated Societies (SSIS)... ✓ (45/70)
[218/261] Isolated Societies Research Institute... ✓ (28/70)
[219/261] Global AI Board (GAI)... ✓ (43/70)
[220/261] Democratized Open-Source AI Ecosystem... ✓ (55/70)
[221/261] Global South Biotechnological Food Production System... ✓ (46/70)
[222/261] Open Cognition Ledger... ✓ (55/70)
[223/261] Polymesh Civic Ledger... ✓ (56/70)
[224/261] AGI-Collective DAO VC... ✓ (51/70)
[225/261] Civic Loom... ✓ (44/70)
[226/261] GOO (Generalized Organic Omni-substrate)... ✓ (55/70)
[227/261] Interdisciplinary Collaboratories... ✓ (40/70)
[228/261] Civic AI Governance Platform... ✓ (44/70)
[229/261] Digital Twin Ecosystem... ✓ (55/70)
[230/261] The Interbeing Forum... ✓ (50/70)
[231/261] Universal AI Learning UnCommons (UALU)... ✓ (44/70)
[232/261] Ethical AI Tutors... ✓ (48/70)
[233/261] Living Rights Network... ✓ (46/70)
[234/261] Community-Governed AI Mesh Systems... ✓ (40/70)
[235/261] Decolonized Mental-Health Infrastructure... ✓ (45/70)
[236/261] Superwise AI... ✓ (49/70)
[237/261] Transformed Market with AI Intermediaries... ✓ (58/70)
[238/261] Global Flourishing Governance System... ✓ (52/70)
[239/261] AI Alignment Markets... ✓ (53/70)
[240/261] Global AI Alignment Commission (GAAC)... ✓ (43/70)
[241/261] Tool AI Ecosystem... ✓ (42/70)
[242/261] The Indefinite Lifespan... ✓ (0/70)
[243/261] Climate Stabilisation Biosphere... ✓ (52/70)
[244/261] Democratically Governed AI... ✓ (40/70)
[245/261] Threadtime... ✓ (47/70)
[246/261] Seasonal AI... ✓ (28/70)
[247/261] Consolidated Intelligence Council... ✓ (47/70)
[248/261] Morphogenic AI-Nanotech Symbiosis... ✓ (55/70)
[249/261] Universal Healing AI... ✓ (56/70)
[250/261] Neural Harmony Interface... ✓ (54/70)
[251/261] Collective of Inner Weavers... ✓ (46/70)
[252/261] Perception & Experience Sector... ✓ (54/70)
[253/261] The Flourishing Foundation... ✓ (41/70)
[254/261] The Global Deliberation Coordinator... ✓ (43/70)
[255/261] The SECHI Institute... ✓ (45/70)
[256/261] Global Deliberation Coordinator (GDaaS)... ✓ (52/70)
[257/261] Scenario Planning Institution... ✓ (0/70)
[258/261] Common Knowledge Generator... ✓ (55/70)
[259/261] World Convention on Transformative Artificial Intelligence (... ✓ (42/70)
[260/261] Open Source BCI Operating System (BCI-OS)... ✓ (47/70)
[261/261] SECHI (Simulation-Enabled Cooperative Human Intelligence)... ✓ (52/70)

--------------------------------------------------------------------------------

Saving results...

================================================================================
ASSESSMENT COMPLETE!
================================================================================
Entities assessed: 261/261
Total tokens: 163,335 in / 42,808 out
Cost: $0.30
Average Stage 2 score: 46.5/70

✓ Saved to: results/hyperentities_v3_with_stage2.json

